<?xml version="1.0" encoding="UTF-8"?>
<!-- Generated by org.testng.reporters.JUnitReportReporter -->
<testsuite skipped="0" hostname="Venky" name="webServices.rest.AutomateGetQueryParamRestApi" tests="2" failures="0" timestamp="09 Dec 2018 13:35:14 GMT" time="4.140" errors="0">
  <testcase name="getQueryParam" time="0.338" classname="webServices.rest.AutomateGetQueryParamRestApi"/>
  <testcase name="get" time="3.802" classname="webServices.rest.AutomateGetQueryParamRestApi"/>
</testsuite> <!-- webServices.rest.AutomateGetQueryParamRestApi -->
