<?xml version="1.0" encoding="UTF-8"?>
<!-- Generated by org.testng.reporters.JUnitReportReporter -->
<testsuite skipped="0" hostname="Venky" name="webServices.rest.AutomateDeleteRestApi" tests="1" failures="0" timestamp="09 Dec 2018 13:35:14 GMT" time="1.371" errors="0">
  <testcase name="delete" time="1.371" classname="webServices.rest.AutomateDeleteRestApi"/>
</testsuite> <!-- webServices.rest.AutomateDeleteRestApi -->
