<?xml version="1.0" encoding="UTF-8"?>
<!-- Generated by org.testng.reporters.JUnitReportReporter -->
<testsuite skipped="0" hostname="Venky" name="webServices.rest.AutomateGetPathParamRestApi" tests="1" failures="0" timestamp="09 Dec 2018 13:35:14 GMT" time="3.787" errors="0">
  <testcase name="get" time="3.787" classname="webServices.rest.AutomateGetPathParamRestApi"/>
</testsuite> <!-- webServices.rest.AutomateGetPathParamRestApi -->
